[0.763s] Invoking command in '/home/tharusha/robotics/src/broadcaster_listener': PYTHONPATH=/home/tharusha/robotics/build/broadcaster_listener/prefix_override:/home/tharusha/robotics/install/broadcaster_listener/lib/python3.10/site-packages:${PYTHONPATH} /usr/bin/python3 setup.py egg_info --egg-base ../../build/broadcaster_listener build --build-base /home/tharusha/robotics/build/broadcaster_listener/build install --record /home/tharusha/robotics/build/broadcaster_listener/install.log --single-version-externally-managed
[1.016s] running egg_info
[1.017s] writing ../../build/broadcaster_listener/broadcaster_listener.egg-info/PKG-INFO
[1.017s] writing dependency_links to ../../build/broadcaster_listener/broadcaster_listener.egg-info/dependency_links.txt
[1.017s] writing entry points to ../../build/broadcaster_listener/broadcaster_listener.egg-info/entry_points.txt
[1.017s] writing requirements to ../../build/broadcaster_listener/broadcaster_listener.egg-info/requires.txt
[1.017s] writing top-level names to ../../build/broadcaster_listener/broadcaster_listener.egg-info/top_level.txt
[1.019s] reading manifest file '../../build/broadcaster_listener/broadcaster_listener.egg-info/SOURCES.txt'
[1.019s] adding license file 'LICENSE'
[1.020s] writing manifest file '../../build/broadcaster_listener/broadcaster_listener.egg-info/SOURCES.txt'
[1.020s] running build
[1.020s] running build_py
[1.021s] copying broadcaster_listener/dynamic_drame_tf2_broadcaster.py -> /home/tharusha/robotics/build/broadcaster_listener/build/lib/broadcaster_listener
[1.021s] running install
[1.021s] /usr/lib/python3/dist-packages/setuptools/command/install.py:34: SetuptoolsDeprecationWarning: setup.py install is deprecated. Use build and pip and other standards-based tools.
[1.021s]   warnings.warn(
[1.021s] running install_lib
[1.022s] copying /home/tharusha/robotics/build/broadcaster_listener/build/lib/broadcaster_listener/dynamic_drame_tf2_broadcaster.py -> /home/tharusha/robotics/install/broadcaster_listener/lib/python3.10/site-packages/broadcaster_listener
[1.023s] byte-compiling /home/tharusha/robotics/install/broadcaster_listener/lib/python3.10/site-packages/broadcaster_listener/dynamic_drame_tf2_broadcaster.py to dynamic_drame_tf2_broadcaster.cpython-310.pyc
[1.023s] running install_data
[1.024s] copying launch/turtle_tf2_dynamic_frame_demo.launch.py -> /home/tharusha/robotics/install/broadcaster_listener/share/broadcaster_listener/launch
[1.024s] running install_egg_info
[1.026s] removing '/home/tharusha/robotics/install/broadcaster_listener/lib/python3.10/site-packages/broadcaster_listener-0.0.0-py3.10.egg-info' (and everything under it)
[1.026s] Copying ../../build/broadcaster_listener/broadcaster_listener.egg-info to /home/tharusha/robotics/install/broadcaster_listener/lib/python3.10/site-packages/broadcaster_listener-0.0.0-py3.10.egg-info
[1.027s] running install_scripts
[1.049s] Installing dynamic_frame_tf2_broadcaster script to /home/tharusha/robotics/install/broadcaster_listener/lib/broadcaster_listener
[1.049s] Installing fixed_frame_tf2_broadcaster script to /home/tharusha/robotics/install/broadcaster_listener/lib/broadcaster_listener
[1.049s] Installing turtle_tf2_broadcaster script to /home/tharusha/robotics/install/broadcaster_listener/lib/broadcaster_listener
[1.049s] Installing turtle_tf2_listener script to /home/tharusha/robotics/install/broadcaster_listener/lib/broadcaster_listener
[1.049s] writing list of installed files to '/home/tharusha/robotics/build/broadcaster_listener/install.log'
[1.073s] Invoked command in '/home/tharusha/robotics/src/broadcaster_listener' returned '0': PYTHONPATH=/home/tharusha/robotics/build/broadcaster_listener/prefix_override:/home/tharusha/robotics/install/broadcaster_listener/lib/python3.10/site-packages:${PYTHONPATH} /usr/bin/python3 setup.py egg_info --egg-base ../../build/broadcaster_listener build --build-base /home/tharusha/robotics/build/broadcaster_listener/build install --record /home/tharusha/robotics/build/broadcaster_listener/install.log --single-version-externally-managed
