running egg_info
creating ../../build/lab3d_pose/lab3d_pose.egg-info
writing ../../build/lab3d_pose/lab3d_pose.egg-info/PKG-INFO
writing dependency_links to ../../build/lab3d_pose/lab3d_pose.egg-info/dependency_links.txt
writing entry points to ../../build/lab3d_pose/lab3d_pose.egg-info/entry_points.txt
writing requirements to ../../build/lab3d_pose/lab3d_pose.egg-info/requires.txt
writing top-level names to ../../build/lab3d_pose/lab3d_pose.egg-info/top_level.txt
writing manifest file '../../build/lab3d_pose/lab3d_pose.egg-info/SOURCES.txt'
reading manifest file '../../build/lab3d_pose/lab3d_pose.egg-info/SOURCES.txt'
adding license file 'LICENSE'
writing manifest file '../../build/lab3d_pose/lab3d_pose.egg-info/SOURCES.txt'
running build
running build_py
creating /home/tharusha/robotics/build/lab3d_pose/build
creating /home/tharusha/robotics/build/lab3d_pose/build/lib
creating /home/tharusha/robotics/build/lab3d_pose/build/lib/lab3d_pose
copying lab3d_pose/__init__.py -> /home/tharusha/robotics/build/lab3d_pose/build/lib/lab3d_pose
running install
/usr/lib/python3/dist-packages/setuptools/command/install.py:34: SetuptoolsDeprecationWarning: setup.py install is deprecated. Use build and pip and other standards-based tools.
  warnings.warn(
running install_lib
creating /home/tharusha/robotics/install/lab3d_pose/lib/python3.10/site-packages/lab3d_pose
copying /home/tharusha/robotics/build/lab3d_pose/build/lib/lab3d_pose/__init__.py -> /home/tharusha/robotics/install/lab3d_pose/lib/python3.10/site-packages/lab3d_pose
byte-compiling /home/tharusha/robotics/install/lab3d_pose/lib/python3.10/site-packages/lab3d_pose/__init__.py to __init__.cpython-310.pyc
running install_data
creating /home/tharusha/robotics/install/lab3d_pose/share/ament_index
creating /home/tharusha/robotics/install/lab3d_pose/share/ament_index/resource_index
creating /home/tharusha/robotics/install/lab3d_pose/share/ament_index/resource_index/packages
copying resource/lab3d_pose -> /home/tharusha/robotics/install/lab3d_pose/share/ament_index/resource_index/packages
copying package.xml -> /home/tharusha/robotics/install/lab3d_pose/share/lab3d_pose
running install_egg_info
Copying ../../build/lab3d_pose/lab3d_pose.egg-info to /home/tharusha/robotics/install/lab3d_pose/lib/python3.10/site-packages/lab3d_pose-0.0.0-py3.10.egg-info
running install_scripts
writing list of installed files to '/home/tharusha/robotics/build/lab3d_pose/install.log'
