[0.902s] DEBUG:colcon:Command line arguments: ['/usr/bin/colcon', 'build']
[0.902s] DEBUG:colcon:Parsed command line arguments: Namespace(log_base=None, log_level=None, verb_name='build', build_base='build', install_base='install', merge_install=False, symlink_install=False, test_result_base=None, continue_on_error=False, executor='parallel', parallel_workers=16, event_handlers=None, ignore_user_meta=False, metas=['./colcon.meta'], base_paths=['.'], packages_ignore=None, packages_ignore_regex=None, paths=None, packages_up_to=None, packages_up_to_regex=None, packages_above=None, packages_above_and_dependencies=None, packages_above_depth=None, packages_select_by_dep=None, packages_skip_by_dep=None, packages_skip_up_to=None, packages_select_build_failed=False, packages_skip_build_finished=False, packages_select_test_failures=False, packages_skip_test_passed=False, packages_select=None, packages_skip=None, packages_select_regex=None, packages_skip_regex=None, packages_start=None, packages_end=None, allow_overriding=[], cmake_args=None, cmake_target=None, cmake_target_skip_unavailable=False, cmake_clean_cache=False, cmake_clean_first=False, cmake_force_configure=False, ament_cmake_args=None, catkin_cmake_args=None, catkin_skip_building_tests=False, verb_parser=<colcon_defaults.argument_parser.defaults.DefaultArgumentsDecorator object at 0x7f0d4f59c640>, verb_extension=<colcon_core.verb.build.BuildVerb object at 0x7f0d4f59fa00>, main=<bound method BuildVerb.main of <colcon_core.verb.build.BuildVerb object at 0x7f0d4f59fa00>>)
[0.968s] Level 1:colcon.colcon_core.package_discovery:discover_packages(colcon_meta) check parameters
[0.968s] Level 1:colcon.colcon_core.package_discovery:discover_packages(recursive) check parameters
[0.968s] Level 1:colcon.colcon_core.package_discovery:discover_packages(ignore) check parameters
[0.968s] Level 1:colcon.colcon_core.package_discovery:discover_packages(path) check parameters
[0.968s] Level 1:colcon.colcon_core.package_discovery:discover_packages(colcon_meta) discover
[0.968s] Level 1:colcon.colcon_core.package_discovery:discover_packages(recursive) discover
[0.968s] INFO:colcon.colcon_core.package_discovery:Crawling recursively for packages in '/home/tharusha/robotics'
[0.968s] Level 1:colcon.colcon_core.package_identification:_identify(.) by extensions ['ignore', 'ignore_ament_install']
[0.969s] Level 1:colcon.colcon_core.package_identification:_identify(.) by extension 'ignore'
[0.969s] Level 1:colcon.colcon_core.package_identification:_identify(.) by extension 'ignore_ament_install'
[0.969s] Level 1:colcon.colcon_core.package_identification:_identify(.) by extensions ['colcon_pkg']
[0.969s] Level 1:colcon.colcon_core.package_identification:_identify(.) by extension 'colcon_pkg'
[0.969s] Level 1:colcon.colcon_core.package_identification:_identify(.) by extensions ['colcon_meta']
[0.969s] Level 1:colcon.colcon_core.package_identification:_identify(.) by extension 'colcon_meta'
[0.969s] Level 1:colcon.colcon_core.package_identification:_identify(.) by extensions ['ros']
[0.969s] Level 1:colcon.colcon_core.package_identification:_identify(.) by extension 'ros'
[0.977s] Level 1:colcon.colcon_core.package_identification:_identify(.) by extensions ['cmake', 'python']
[0.977s] Level 1:colcon.colcon_core.package_identification:_identify(.) by extension 'cmake'
[0.977s] Level 1:colcon.colcon_core.package_identification:_identify(.) by extension 'python'
[0.977s] Level 1:colcon.colcon_core.package_identification:_identify(.) by extensions ['python_setup_py']
[0.977s] Level 1:colcon.colcon_core.package_identification:_identify(.) by extension 'python_setup_py'
[0.977s] Level 1:colcon.colcon_core.package_identification:_identify(build) by extensions ['ignore', 'ignore_ament_install']
[0.977s] Level 1:colcon.colcon_core.package_identification:_identify(build) by extension 'ignore'
[0.977s] Level 1:colcon.colcon_core.package_identification:_identify(build) ignored
[0.977s] Level 1:colcon.colcon_core.package_identification:_identify(install) by extensions ['ignore', 'ignore_ament_install']
[0.977s] Level 1:colcon.colcon_core.package_identification:_identify(install) by extension 'ignore'
[0.977s] Level 1:colcon.colcon_core.package_identification:_identify(install) ignored
[0.977s] Level 1:colcon.colcon_core.package_identification:_identify(log) by extensions ['ignore', 'ignore_ament_install']
[0.977s] Level 1:colcon.colcon_core.package_identification:_identify(log) by extension 'ignore'
[0.977s] Level 1:colcon.colcon_core.package_identification:_identify(log) ignored
[0.977s] Level 1:colcon.colcon_core.package_identification:_identify(src) by extensions ['ignore', 'ignore_ament_install']
[0.977s] Level 1:colcon.colcon_core.package_identification:_identify(src) by extension 'ignore'
[0.977s] Level 1:colcon.colcon_core.package_identification:_identify(src) by extension 'ignore_ament_install'
[0.978s] Level 1:colcon.colcon_core.package_identification:_identify(src) by extensions ['colcon_pkg']
[0.978s] Level 1:colcon.colcon_core.package_identification:_identify(src) by extension 'colcon_pkg'
[0.978s] Level 1:colcon.colcon_core.package_identification:_identify(src) by extensions ['colcon_meta']
[0.978s] Level 1:colcon.colcon_core.package_identification:_identify(src) by extension 'colcon_meta'
[0.978s] Level 1:colcon.colcon_core.package_identification:_identify(src) by extensions ['ros']
[0.978s] Level 1:colcon.colcon_core.package_identification:_identify(src) by extension 'ros'
[0.978s] Level 1:colcon.colcon_core.package_identification:_identify(src) by extensions ['cmake', 'python']
[0.978s] Level 1:colcon.colcon_core.package_identification:_identify(src) by extension 'cmake'
[0.978s] Level 1:colcon.colcon_core.package_identification:_identify(src) by extension 'python'
[0.978s] Level 1:colcon.colcon_core.package_identification:_identify(src) by extensions ['python_setup_py']
[0.978s] Level 1:colcon.colcon_core.package_identification:_identify(src) by extension 'python_setup_py'
[0.978s] Level 1:colcon.colcon_core.package_identification:_identify(src/broadcaster_listener) by extensions ['ignore', 'ignore_ament_install']
[0.978s] Level 1:colcon.colcon_core.package_identification:_identify(src/broadcaster_listener) by extension 'ignore'
[0.978s] Level 1:colcon.colcon_core.package_identification:_identify(src/broadcaster_listener) by extension 'ignore_ament_install'
[0.978s] Level 1:colcon.colcon_core.package_identification:_identify(src/broadcaster_listener) by extensions ['colcon_pkg']
[0.978s] Level 1:colcon.colcon_core.package_identification:_identify(src/broadcaster_listener) by extension 'colcon_pkg'
[0.978s] Level 1:colcon.colcon_core.package_identification:_identify(src/broadcaster_listener) by extensions ['colcon_meta']
[0.978s] Level 1:colcon.colcon_core.package_identification:_identify(src/broadcaster_listener) by extension 'colcon_meta'
[0.978s] Level 1:colcon.colcon_core.package_identification:_identify(src/broadcaster_listener) by extensions ['ros']
[0.978s] Level 1:colcon.colcon_core.package_identification:_identify(src/broadcaster_listener) by extension 'ros'
[0.981s] DEBUG:colcon.colcon_core.package_identification:Package 'src/broadcaster_listener' with type 'ros.ament_python' and name 'broadcaster_listener'
[0.981s] Level 1:colcon.colcon_core.package_identification:_identify(src/lab3d_pose) by extensions ['ignore', 'ignore_ament_install']
[0.981s] Level 1:colcon.colcon_core.package_identification:_identify(src/lab3d_pose) by extension 'ignore'
[0.981s] Level 1:colcon.colcon_core.package_identification:_identify(src/lab3d_pose) by extension 'ignore_ament_install'
[0.981s] Level 1:colcon.colcon_core.package_identification:_identify(src/lab3d_pose) by extensions ['colcon_pkg']
[0.982s] Level 1:colcon.colcon_core.package_identification:_identify(src/lab3d_pose) by extension 'colcon_pkg'
[0.982s] Level 1:colcon.colcon_core.package_identification:_identify(src/lab3d_pose) by extensions ['colcon_meta']
[0.982s] Level 1:colcon.colcon_core.package_identification:_identify(src/lab3d_pose) by extension 'colcon_meta'
[0.982s] Level 1:colcon.colcon_core.package_identification:_identify(src/lab3d_pose) by extensions ['ros']
[0.982s] Level 1:colcon.colcon_core.package_identification:_identify(src/lab3d_pose) by extension 'ros'
[0.982s] DEBUG:colcon.colcon_core.package_identification:Package 'src/lab3d_pose' with type 'ros.ament_python' and name 'lab3d_pose'
[0.982s] Level 1:colcon.colcon_core.package_identification:_identify(src/lab_2_3dPose) by extensions ['ignore', 'ignore_ament_install']
[0.982s] Level 1:colcon.colcon_core.package_identification:_identify(src/lab_2_3dPose) by extension 'ignore'
[0.982s] Level 1:colcon.colcon_core.package_identification:_identify(src/lab_2_3dPose) by extension 'ignore_ament_install'
[0.982s] Level 1:colcon.colcon_core.package_identification:_identify(src/lab_2_3dPose) by extensions ['colcon_pkg']
[0.982s] Level 1:colcon.colcon_core.package_identification:_identify(src/lab_2_3dPose) by extension 'colcon_pkg'
[0.982s] Level 1:colcon.colcon_core.package_identification:_identify(src/lab_2_3dPose) by extensions ['colcon_meta']
[0.982s] Level 1:colcon.colcon_core.package_identification:_identify(src/lab_2_3dPose) by extension 'colcon_meta'
[0.982s] Level 1:colcon.colcon_core.package_identification:_identify(src/lab_2_3dPose) by extensions ['ros']
[0.982s] Level 1:colcon.colcon_core.package_identification:_identify(src/lab_2_3dPose) by extension 'ros'
[0.983s] DEBUG:colcon.colcon_core.package_identification:Package 'src/lab_2_3dPose' with type 'ros.catkin' and name 'lab_2_3dPose'
[0.983s] Level 1:colcon.colcon_core.package_discovery:discover_packages(recursive) using defaults
[0.983s] Level 1:colcon.colcon_core.package_discovery:discover_packages(ignore) discover
[0.983s] Level 1:colcon.colcon_core.package_discovery:discover_packages(ignore) using defaults
[0.983s] Level 1:colcon.colcon_core.package_discovery:discover_packages(path) discover
[0.983s] Level 1:colcon.colcon_core.package_discovery:discover_packages(path) using defaults
[1.064s] Level 1:colcon.colcon_core.package_discovery:discover_packages(prefix_path) check parameters
[1.064s] Level 1:colcon.colcon_core.package_discovery:discover_packages(prefix_path) discover
[1.090s] DEBUG:colcon.colcon_installed_package_information.package_discovery:Found 303 installed packages in /opt/ros/humble
[1.091s] Level 1:colcon.colcon_core.package_discovery:discover_packages(prefix_path) using defaults
[1.173s] Level 5:colcon.colcon_core.verb:set package 'broadcaster_listener' build argument 'cmake_args' from command line to 'None'
[1.173s] Level 5:colcon.colcon_core.verb:set package 'broadcaster_listener' build argument 'cmake_target' from command line to 'None'
[1.173s] Level 5:colcon.colcon_core.verb:set package 'broadcaster_listener' build argument 'cmake_target_skip_unavailable' from command line to 'False'
[1.173s] Level 5:colcon.colcon_core.verb:set package 'broadcaster_listener' build argument 'cmake_clean_cache' from command line to 'False'
[1.173s] Level 5:colcon.colcon_core.verb:set package 'broadcaster_listener' build argument 'cmake_clean_first' from command line to 'False'
[1.173s] Level 5:colcon.colcon_core.verb:set package 'broadcaster_listener' build argument 'cmake_force_configure' from command line to 'False'
[1.173s] Level 5:colcon.colcon_core.verb:set package 'broadcaster_listener' build argument 'ament_cmake_args' from command line to 'None'
[1.173s] Level 5:colcon.colcon_core.verb:set package 'broadcaster_listener' build argument 'catkin_cmake_args' from command line to 'None'
[1.173s] Level 5:colcon.colcon_core.verb:set package 'broadcaster_listener' build argument 'catkin_skip_building_tests' from command line to 'False'
[1.173s] DEBUG:colcon.colcon_core.verb:Building package 'broadcaster_listener' with the following arguments: {'ament_cmake_args': None, 'build_base': '/home/tharusha/robotics/build/broadcaster_listener', 'catkin_cmake_args': None, 'catkin_skip_building_tests': False, 'cmake_args': None, 'cmake_clean_cache': False, 'cmake_clean_first': False, 'cmake_force_configure': False, 'cmake_target': None, 'cmake_target_skip_unavailable': False, 'install_base': '/home/tharusha/robotics/install/broadcaster_listener', 'merge_install': False, 'path': '/home/tharusha/robotics/src/broadcaster_listener', 'symlink_install': False, 'test_result_base': None}
[1.184s] Level 5:colcon.colcon_core.verb:set package 'lab3d_pose' build argument 'cmake_args' from command line to 'None'
[1.184s] Level 5:colcon.colcon_core.verb:set package 'lab3d_pose' build argument 'cmake_target' from command line to 'None'
[1.184s] Level 5:colcon.colcon_core.verb:set package 'lab3d_pose' build argument 'cmake_target_skip_unavailable' from command line to 'False'
[1.184s] Level 5:colcon.colcon_core.verb:set package 'lab3d_pose' build argument 'cmake_clean_cache' from command line to 'False'
[1.184s] Level 5:colcon.colcon_core.verb:set package 'lab3d_pose' build argument 'cmake_clean_first' from command line to 'False'
[1.184s] Level 5:colcon.colcon_core.verb:set package 'lab3d_pose' build argument 'cmake_force_configure' from command line to 'False'
[1.184s] Level 5:colcon.colcon_core.verb:set package 'lab3d_pose' build argument 'ament_cmake_args' from command line to 'None'
[1.184s] Level 5:colcon.colcon_core.verb:set package 'lab3d_pose' build argument 'catkin_cmake_args' from command line to 'None'
[1.184s] Level 5:colcon.colcon_core.verb:set package 'lab3d_pose' build argument 'catkin_skip_building_tests' from command line to 'False'
[1.184s] DEBUG:colcon.colcon_core.verb:Building package 'lab3d_pose' with the following arguments: {'ament_cmake_args': None, 'build_base': '/home/tharusha/robotics/build/lab3d_pose', 'catkin_cmake_args': None, 'catkin_skip_building_tests': False, 'cmake_args': None, 'cmake_clean_cache': False, 'cmake_clean_first': False, 'cmake_force_configure': False, 'cmake_target': None, 'cmake_target_skip_unavailable': False, 'install_base': '/home/tharusha/robotics/install/lab3d_pose', 'merge_install': False, 'path': '/home/tharusha/robotics/src/lab3d_pose', 'symlink_install': False, 'test_result_base': None}
[1.196s] Level 5:colcon.colcon_core.verb:set package 'lab_2_3dPose' build argument 'cmake_args' from command line to 'None'
[1.196s] Level 5:colcon.colcon_core.verb:set package 'lab_2_3dPose' build argument 'cmake_target' from command line to 'None'
[1.196s] Level 5:colcon.colcon_core.verb:set package 'lab_2_3dPose' build argument 'cmake_target_skip_unavailable' from command line to 'False'
[1.196s] Level 5:colcon.colcon_core.verb:set package 'lab_2_3dPose' build argument 'cmake_clean_cache' from command line to 'False'
[1.196s] Level 5:colcon.colcon_core.verb:set package 'lab_2_3dPose' build argument 'cmake_clean_first' from command line to 'False'
[1.196s] Level 5:colcon.colcon_core.verb:set package 'lab_2_3dPose' build argument 'cmake_force_configure' from command line to 'False'
[1.196s] Level 5:colcon.colcon_core.verb:set package 'lab_2_3dPose' build argument 'ament_cmake_args' from command line to 'None'
[1.196s] Level 5:colcon.colcon_core.verb:set package 'lab_2_3dPose' build argument 'catkin_cmake_args' from command line to 'None'
[1.196s] Level 5:colcon.colcon_core.verb:set package 'lab_2_3dPose' build argument 'catkin_skip_building_tests' from command line to 'False'
[1.196s] DEBUG:colcon.colcon_core.verb:Building package 'lab_2_3dPose' with the following arguments: {'ament_cmake_args': None, 'build_base': '/home/tharusha/robotics/build/lab_2_3dPose', 'catkin_cmake_args': None, 'catkin_skip_building_tests': False, 'cmake_args': None, 'cmake_clean_cache': False, 'cmake_clean_first': False, 'cmake_force_configure': False, 'cmake_target': None, 'cmake_target_skip_unavailable': False, 'install_base': '/home/tharusha/robotics/install/lab_2_3dPose', 'merge_install': False, 'path': '/home/tharusha/robotics/src/lab_2_3dPose', 'symlink_install': False, 'test_result_base': None}
[1.207s] INFO:colcon.colcon_core.executor:Executing jobs using 'parallel' executor
[1.218s] DEBUG:colcon.colcon_parallel_executor.executor.parallel:run_until_complete
[1.218s] INFO:colcon.colcon_ros.task.ament_python.build:Building ROS package in '/home/tharusha/robotics/src/broadcaster_listener' with build type 'ament_python'
[1.218s] Level 1:colcon.colcon_core.shell:create_environment_hook('broadcaster_listener', 'ament_prefix_path')
[1.235s] INFO:colcon.colcon_core.plugin_system:Skipping extension 'colcon_core.shell.bat': Not used on non-Windows systems
[1.235s] INFO:colcon.colcon_core.shell:Creating environment hook '/home/tharusha/robotics/install/broadcaster_listener/share/broadcaster_listener/hook/ament_prefix_path.ps1'
[1.237s] INFO:colcon.colcon_core.shell:Creating environment descriptor '/home/tharusha/robotics/install/broadcaster_listener/share/broadcaster_listener/hook/ament_prefix_path.dsv'
[1.237s] INFO:colcon.colcon_core.shell:Creating environment hook '/home/tharusha/robotics/install/broadcaster_listener/share/broadcaster_listener/hook/ament_prefix_path.sh'
[1.249s] INFO:colcon.colcon_core.shell:Skip shell extension 'powershell' for command environment: Not usable outside of PowerShell
[1.249s] DEBUG:colcon.colcon_core.shell:Skip shell extension 'dsv' for command environment
[1.273s] INFO:colcon.colcon_ros.task.ament_python.build:Building ROS package in '/home/tharusha/robotics/src/lab3d_pose' with build type 'ament_python'
[1.273s] Level 1:colcon.colcon_core.shell:create_environment_hook('lab3d_pose', 'ament_prefix_path')
[1.285s] INFO:colcon.colcon_core.shell:Creating environment hook '/home/tharusha/robotics/install/lab3d_pose/share/lab3d_pose/hook/ament_prefix_path.ps1'
[1.285s] INFO:colcon.colcon_core.shell:Creating environment descriptor '/home/tharusha/robotics/install/lab3d_pose/share/lab3d_pose/hook/ament_prefix_path.dsv'
[1.285s] INFO:colcon.colcon_core.shell:Creating environment hook '/home/tharusha/robotics/install/lab3d_pose/share/lab3d_pose/hook/ament_prefix_path.sh'
[1.297s] INFO:colcon.colcon_core.shell:Skip shell extension 'powershell' for command environment: Not usable outside of PowerShell
[1.297s] DEBUG:colcon.colcon_core.shell:Skip shell extension 'dsv' for command environment
[1.320s] INFO:colcon.colcon_ros.task.catkin.build:Building ROS package in '/home/tharusha/robotics/src/lab_2_3dPose' with build type 'catkin'
[1.320s] INFO:colcon.colcon_cmake.task.cmake.build:Building CMake package in '/home/tharusha/robotics/src/lab_2_3dPose'
[1.332s] INFO:colcon.colcon_core.shell:Skip shell extension 'powershell' for command environment: Not usable outside of PowerShell
[1.332s] DEBUG:colcon.colcon_core.shell:Skip shell extension 'dsv' for command environment
[1.540s] INFO:colcon.colcon_core.task.python.build:Building Python package in '/home/tharusha/robotics/src/broadcaster_listener'
[1.551s] INFO:colcon.colcon_core.shell:Skip shell extension 'powershell' for command environment: Not usable outside of PowerShell
[1.551s] DEBUG:colcon.colcon_core.shell:Skip shell extension 'dsv' for command environment
[1.756s] INFO:colcon.colcon_core.task.python.build:Building Python package in '/home/tharusha/robotics/src/lab3d_pose'
[1.767s] INFO:colcon.colcon_core.shell:Skip shell extension 'powershell' for command environment: Not usable outside of PowerShell
[1.767s] DEBUG:colcon.colcon_core.shell:Skip shell extension 'dsv' for command environment
[1.792s] DEBUG:colcon.colcon_core.event_handler.log_command:Invoking command in '/home/tharusha/robotics/build/lab_2_3dPose': /usr/bin/cmake /home/tharusha/robotics/src/lab_2_3dPose -DCATKIN_INSTALL_INTO_PREFIX_ROOT=0 -DCMAKE_INSTALL_PREFIX=/home/tharusha/robotics/install/lab_2_3dPose
[2.084s] DEBUG:colcon.colcon_core.event_handler.log_command:Invoking command in '/home/tharusha/robotics/src/lab3d_pose': PYTHONPATH=/home/tharusha/robotics/build/lab3d_pose/prefix_override:/home/tharusha/robotics/install/lab3d_pose/lib/python3.10/site-packages:${PYTHONPATH} /usr/bin/python3 setup.py egg_info --egg-base ../../build/lab3d_pose build --build-base /home/tharusha/robotics/build/lab3d_pose/build install --record /home/tharusha/robotics/build/lab3d_pose/install.log --single-version-externally-managed
[2.085s] DEBUG:colcon.colcon_core.event_handler.log_command:Invoking command in '/home/tharusha/robotics/src/broadcaster_listener': PYTHONPATH=/home/tharusha/robotics/build/broadcaster_listener/prefix_override:/home/tharusha/robotics/install/broadcaster_listener/lib/python3.10/site-packages:${PYTHONPATH} /usr/bin/python3 setup.py egg_info --egg-base ../../build/broadcaster_listener build --build-base /home/tharusha/robotics/build/broadcaster_listener/build install --record /home/tharusha/robotics/build/broadcaster_listener/install.log --single-version-externally-managed
[2.307s] DEBUG:colcon.colcon_core.event_handler.log_command:Invoked command in '/home/tharusha/robotics/build/lab_2_3dPose' returned '1': /usr/bin/cmake /home/tharusha/robotics/src/lab_2_3dPose -DCATKIN_INSTALL_INTO_PREFIX_ROOT=0 -DCMAKE_INSTALL_PREFIX=/home/tharusha/robotics/install/lab_2_3dPose
[2.309s] DEBUG:colcon.colcon_core.event_handler.log_command:Invoked command in '/home/tharusha/robotics/src/lab3d_pose' returned '0': PYTHONPATH=/home/tharusha/robotics/build/lab3d_pose/prefix_override:/home/tharusha/robotics/install/lab3d_pose/lib/python3.10/site-packages:${PYTHONPATH} /usr/bin/python3 setup.py egg_info --egg-base ../../build/lab3d_pose build --build-base /home/tharusha/robotics/build/lab3d_pose/build install --record /home/tharusha/robotics/build/lab3d_pose/install.log --single-version-externally-managed
[2.325s] Level 1:colcon.colcon_core.environment:checking '/home/tharusha/robotics/install/lab3d_pose' for CMake module files
[2.325s] Level 1:colcon.colcon_core.environment:checking '/home/tharusha/robotics/install/lab3d_pose' for CMake config files
[2.326s] Level 1:colcon.colcon_core.environment:checking '/home/tharusha/robotics/install/lab3d_pose/lib'
[2.326s] Level 1:colcon.colcon_core.environment:checking '/home/tharusha/robotics/install/lab3d_pose/bin'
[2.326s] Level 1:colcon.colcon_core.environment:checking '/home/tharusha/robotics/install/lab3d_pose/lib/pkgconfig/lab3d_pose.pc'
[2.326s] Level 1:colcon.colcon_core.environment:checking '/home/tharusha/robotics/install/lab3d_pose/lib/python3.10/site-packages'
[2.326s] Level 1:colcon.colcon_core.shell:create_environment_hook('lab3d_pose', 'pythonpath')
[2.337s] INFO:colcon.colcon_core.shell:Creating environment hook '/home/tharusha/robotics/install/lab3d_pose/share/lab3d_pose/hook/pythonpath.ps1'
[2.338s] INFO:colcon.colcon_core.shell:Creating environment descriptor '/home/tharusha/robotics/install/lab3d_pose/share/lab3d_pose/hook/pythonpath.dsv'
[2.338s] INFO:colcon.colcon_core.shell:Creating environment hook '/home/tharusha/robotics/install/lab3d_pose/share/lab3d_pose/hook/pythonpath.sh'
[2.338s] Level 1:colcon.colcon_core.environment:checking '/home/tharusha/robotics/install/lab3d_pose/bin'
[2.338s] Level 1:colcon.colcon_core.environment:create_environment_scripts_only(lab3d_pose)
[2.350s] INFO:colcon.colcon_core.shell:Creating package script '/home/tharusha/robotics/install/lab3d_pose/share/lab3d_pose/package.ps1'
[2.350s] INFO:colcon.colcon_core.shell:Creating package descriptor '/home/tharusha/robotics/install/lab3d_pose/share/lab3d_pose/package.dsv'
[2.351s] INFO:colcon.colcon_core.shell:Creating package script '/home/tharusha/robotics/install/lab3d_pose/share/lab3d_pose/package.sh'
[2.351s] INFO:colcon.colcon_core.shell:Creating package script '/home/tharusha/robotics/install/lab3d_pose/share/lab3d_pose/package.bash'
[2.352s] INFO:colcon.colcon_core.shell:Creating package script '/home/tharusha/robotics/install/lab3d_pose/share/lab3d_pose/package.zsh'
[2.353s] Level 1:colcon.colcon_core.environment:create_file_with_runtime_dependencies(/home/tharusha/robotics/install/lab3d_pose/share/colcon-core/packages/lab3d_pose)
[2.354s] Level 1:colcon.colcon_core.environment:create_environment_scripts_only(lab_2_3dPose)
[2.365s] Level 1:colcon.colcon_core.environment:checking '/home/tharusha/robotics/install/lab_2_3dPose' for CMake module files
[2.365s] Level 1:colcon.colcon_core.environment:checking '/home/tharusha/robotics/install/lab_2_3dPose' for CMake config files
[2.366s] Level 1:colcon.colcon_core.environment:checking '/home/tharusha/robotics/install/lab_2_3dPose/bin'
[2.366s] Level 1:colcon.colcon_core.environment:checking '/home/tharusha/robotics/install/lab_2_3dPose/lib/pkgconfig/lab_2_3dPose.pc'
[2.366s] Level 1:colcon.colcon_core.environment:checking '/home/tharusha/robotics/install/lab_2_3dPose/lib/python3.10/site-packages'
[2.366s] Level 1:colcon.colcon_core.environment:checking '/home/tharusha/robotics/install/lab_2_3dPose/bin'
[2.377s] INFO:colcon.colcon_core.shell:Creating package script '/home/tharusha/robotics/install/lab_2_3dPose/share/lab_2_3dPose/package.ps1'
[2.377s] INFO:colcon.colcon_core.shell:Creating package descriptor '/home/tharusha/robotics/install/lab_2_3dPose/share/lab_2_3dPose/package.dsv'
[2.378s] INFO:colcon.colcon_core.shell:Creating package script '/home/tharusha/robotics/install/lab_2_3dPose/share/lab_2_3dPose/package.sh'
[2.378s] INFO:colcon.colcon_core.shell:Creating package script '/home/tharusha/robotics/install/lab_2_3dPose/share/lab_2_3dPose/package.bash'
[2.378s] INFO:colcon.colcon_core.shell:Creating package script '/home/tharusha/robotics/install/lab_2_3dPose/share/lab_2_3dPose/package.zsh'
[2.378s] Level 1:colcon.colcon_core.environment:create_file_with_runtime_dependencies(/home/tharusha/robotics/install/lab_2_3dPose/share/colcon-core/packages/lab_2_3dPose)
[2.389s] DEBUG:colcon.colcon_parallel_executor.executor.parallel:closing loop
[2.389s] DEBUG:colcon.colcon_parallel_executor.executor.parallel:loop closed
[2.389s] DEBUG:colcon.colcon_parallel_executor.executor.parallel:run_until_complete finished with '1'
[2.389s] DEBUG:colcon.colcon_core.event_reactor:joining thread
[2.406s] INFO:colcon.colcon_core.plugin_system:Skipping extension 'colcon_notification.desktop_notification.terminal_notifier': Not used on non-Darwin systems
[2.406s] INFO:colcon.colcon_core.plugin_system:Skipping extension 'colcon_notification.desktop_notification.win32': Not used on non-Windows systems
[2.406s] INFO:colcon.colcon_notification.desktop_notification:Sending desktop notification using 'notify2'
[2.425s] DEBUG:colcon.colcon_core.event_reactor:joined thread
[2.436s] INFO:colcon.colcon_core.shell:Creating prefix script '/home/tharusha/robotics/install/local_setup.ps1'
[2.437s] INFO:colcon.colcon_core.shell:Creating prefix util module '/home/tharusha/robotics/install/_local_setup_util_ps1.py'
[2.439s] INFO:colcon.colcon_core.shell:Creating prefix chain script '/home/tharusha/robotics/install/setup.ps1'
[2.450s] INFO:colcon.colcon_core.shell:Creating prefix script '/home/tharusha/robotics/install/local_setup.sh'
[2.451s] INFO:colcon.colcon_core.shell:Creating prefix util module '/home/tharusha/robotics/install/_local_setup_util_sh.py'
[2.451s] INFO:colcon.colcon_core.shell:Creating prefix chain script '/home/tharusha/robotics/install/setup.sh'
[2.463s] INFO:colcon.colcon_core.shell:Creating prefix script '/home/tharusha/robotics/install/local_setup.bash'
[2.463s] INFO:colcon.colcon_core.shell:Creating prefix chain script '/home/tharusha/robotics/install/setup.bash'
[2.475s] INFO:colcon.colcon_core.shell:Creating prefix script '/home/tharusha/robotics/install/local_setup.zsh'
[2.475s] INFO:colcon.colcon_core.shell:Creating prefix chain script '/home/tharusha/robotics/install/setup.zsh'
