[0.516s] Invoking command in '/home/tharusha/robotics/src/broadcaster_listener': PYTHONPATH=/home/tharusha/robotics/build/broadcaster_listener/prefix_override:/home/tharusha/robotics/install/broadcaster_listener/lib/python3.10/site-packages:${PYTHONPATH} /usr/bin/python3 setup.py egg_info --egg-base ../../build/broadcaster_listener build --build-base /home/tharusha/robotics/build/broadcaster_listener/build install --record /home/tharusha/robotics/build/broadcaster_listener/install.log --single-version-externally-managed
[0.682s] running egg_info
[0.682s] writing ../../build/broadcaster_listener/broadcaster_listener.egg-info/PKG-INFO
[0.682s] writing dependency_links to ../../build/broadcaster_listener/broadcaster_listener.egg-info/dependency_links.txt
[0.683s] writing entry points to ../../build/broadcaster_listener/broadcaster_listener.egg-info/entry_points.txt
[0.683s] writing requirements to ../../build/broadcaster_listener/broadcaster_listener.egg-info/requires.txt
[0.683s] writing top-level names to ../../build/broadcaster_listener/broadcaster_listener.egg-info/top_level.txt
[0.684s] reading manifest file '../../build/broadcaster_listener/broadcaster_listener.egg-info/SOURCES.txt'
[0.684s] adding license file 'LICENSE'
[0.685s] writing manifest file '../../build/broadcaster_listener/broadcaster_listener.egg-info/SOURCES.txt'
[0.685s] running build
[0.685s] running build_py
[0.685s] running install
[0.685s] /usr/lib/python3/dist-packages/setuptools/command/install.py:34: SetuptoolsDeprecationWarning: setup.py install is deprecated. Use build and pip and other standards-based tools.
[0.685s]   warnings.warn(
[0.685s] running install_lib
[0.686s] running install_data
[0.687s] copying launch/turtle_tf2_fixed_frame_demo.launch.py -> /home/tharusha/robotics/install/broadcaster_listener/share/broadcaster_listener/launch
[0.687s] copying launch/tutle_tf2_demo.launch.py -> /home/tharusha/robotics/install/broadcaster_listener/share/broadcaster_listener/launch
[0.687s] running install_egg_info
[0.688s] removing '/home/tharusha/robotics/install/broadcaster_listener/lib/python3.10/site-packages/broadcaster_listener-0.0.0-py3.10.egg-info' (and everything under it)
[0.688s] Copying ../../build/broadcaster_listener/broadcaster_listener.egg-info to /home/tharusha/robotics/install/broadcaster_listener/lib/python3.10/site-packages/broadcaster_listener-0.0.0-py3.10.egg-info
[0.689s] running install_scripts
[0.703s] Installing dynamic_frame_tf2_broadcaster script to /home/tharusha/robotics/install/broadcaster_listener/lib/broadcaster_listener
[0.703s] Installing fixed_frame_tf2_broadcaster script to /home/tharusha/robotics/install/broadcaster_listener/lib/broadcaster_listener
[0.703s] Installing turtle_tf2_broadcaster script to /home/tharusha/robotics/install/broadcaster_listener/lib/broadcaster_listener
[0.703s] Installing turtle_tf2_listener script to /home/tharusha/robotics/install/broadcaster_listener/lib/broadcaster_listener
[0.704s] writing list of installed files to '/home/tharusha/robotics/build/broadcaster_listener/install.log'
[0.719s] Invoked command in '/home/tharusha/robotics/src/broadcaster_listener' returned '0': PYTHONPATH=/home/tharusha/robotics/build/broadcaster_listener/prefix_override:/home/tharusha/robotics/install/broadcaster_listener/lib/python3.10/site-packages:${PYTHONPATH} /usr/bin/python3 setup.py egg_info --egg-base ../../build/broadcaster_listener build --build-base /home/tharusha/robotics/build/broadcaster_listener/build install --record /home/tharusha/robotics/build/broadcaster_listener/install.log --single-version-externally-managed
