[0.491s] Invoking command in '/home/tharusha/robotics/src/broadcaster_listener': PYTHONPATH=/home/tharusha/robotics/build/broadcaster_listener/prefix_override:/home/tharusha/robotics/install/broadcaster_listener/lib/python3.10/site-packages:${PYTHONPATH} /usr/bin/python3 setup.py egg_info --egg-base ../../build/broadcaster_listener build --build-base /home/tharusha/robotics/build/broadcaster_listener/build install --record /home/tharusha/robotics/build/broadcaster_listener/install.log --single-version-externally-managed
[0.659s] running egg_info
[0.659s] creating ../../build/broadcaster_listener/broadcaster_listener.egg-info
[0.659s] writing ../../build/broadcaster_listener/broadcaster_listener.egg-info/PKG-INFO
[0.659s] writing dependency_links to ../../build/broadcaster_listener/broadcaster_listener.egg-info/dependency_links.txt
[0.660s] writing entry points to ../../build/broadcaster_listener/broadcaster_listener.egg-info/entry_points.txt
[0.660s] writing requirements to ../../build/broadcaster_listener/broadcaster_listener.egg-info/requires.txt
[0.660s] writing top-level names to ../../build/broadcaster_listener/broadcaster_listener.egg-info/top_level.txt
[0.660s] writing manifest file '../../build/broadcaster_listener/broadcaster_listener.egg-info/SOURCES.txt'
[0.661s] reading manifest file '../../build/broadcaster_listener/broadcaster_listener.egg-info/SOURCES.txt'
[0.661s] adding license file 'LICENSE'
[0.661s] writing manifest file '../../build/broadcaster_listener/broadcaster_listener.egg-info/SOURCES.txt'
[0.661s] running build
[0.661s] running build_py
[0.662s] creating /home/tharusha/robotics/build/broadcaster_listener/build
[0.662s] creating /home/tharusha/robotics/build/broadcaster_listener/build/lib
[0.662s] creating /home/tharusha/robotics/build/broadcaster_listener/build/lib/broadcaster_listener
[0.662s] copying broadcaster_listener/__init__.py -> /home/tharusha/robotics/build/broadcaster_listener/build/lib/broadcaster_listener
[0.662s] running install
[0.662s] /usr/lib/python3/dist-packages/setuptools/command/install.py:34: SetuptoolsDeprecationWarning: setup.py install is deprecated. Use build and pip and other standards-based tools.
[0.662s]   warnings.warn(
[0.662s] running install_lib
[0.662s] creating /home/tharusha/robotics/install/broadcaster_listener/lib/python3.10/site-packages/broadcaster_listener
[0.663s] copying /home/tharusha/robotics/build/broadcaster_listener/build/lib/broadcaster_listener/__init__.py -> /home/tharusha/robotics/install/broadcaster_listener/lib/python3.10/site-packages/broadcaster_listener
[0.663s] byte-compiling /home/tharusha/robotics/install/broadcaster_listener/lib/python3.10/site-packages/broadcaster_listener/__init__.py to __init__.cpython-310.pyc
[0.663s] running install_data
[0.663s] creating /home/tharusha/robotics/install/broadcaster_listener/share/ament_index
[0.664s] creating /home/tharusha/robotics/install/broadcaster_listener/share/ament_index/resource_index
[0.664s] creating /home/tharusha/robotics/install/broadcaster_listener/share/ament_index/resource_index/packages
[0.664s] copying resource/broadcaster_listener -> /home/tharusha/robotics/install/broadcaster_listener/share/ament_index/resource_index/packages
[0.664s] copying package.xml -> /home/tharusha/robotics/install/broadcaster_listener/share/broadcaster_listener
[0.664s] creating /home/tharusha/robotics/install/broadcaster_listener/share/broadcaster_listener/launch
[0.664s] running install_egg_info
[0.665s] Copying ../../build/broadcaster_listener/broadcaster_listener.egg-info to /home/tharusha/robotics/install/broadcaster_listener/lib/python3.10/site-packages/broadcaster_listener-0.0.0-py3.10.egg-info
[0.666s] running install_scripts
[0.679s] Installing turtle_tf2_broadcaster script to /home/tharusha/robotics/install/broadcaster_listener/lib/broadcaster_listener
[0.680s] writing list of installed files to '/home/tharusha/robotics/build/broadcaster_listener/install.log'
[0.695s] Invoked command in '/home/tharusha/robotics/src/broadcaster_listener' returned '0': PYTHONPATH=/home/tharusha/robotics/build/broadcaster_listener/prefix_override:/home/tharusha/robotics/install/broadcaster_listener/lib/python3.10/site-packages:${PYTHONPATH} /usr/bin/python3 setup.py egg_info --egg-base ../../build/broadcaster_listener build --build-base /home/tharusha/robotics/build/broadcaster_listener/build install --record /home/tharusha/robotics/build/broadcaster_listener/install.log --single-version-externally-managed
