[0.517s] Invoking command in '/home/tharusha/robotics/src/broadcaster_listener': PYTHONPATH=/home/tharusha/robotics/build/broadcaster_listener/prefix_override:/home/tharusha/robotics/install/broadcaster_listener/lib/python3.10/site-packages:${PYTHONPATH} /usr/bin/python3 setup.py egg_info --egg-base ../../build/broadcaster_listener build --build-base /home/tharusha/robotics/build/broadcaster_listener/build install --record /home/tharusha/robotics/build/broadcaster_listener/install.log --single-version-externally-managed
[0.684s] running egg_info
[0.685s] writing ../../build/broadcaster_listener/broadcaster_listener.egg-info/PKG-INFO
[0.685s] writing dependency_links to ../../build/broadcaster_listener/broadcaster_listener.egg-info/dependency_links.txt
[0.685s] writing entry points to ../../build/broadcaster_listener/broadcaster_listener.egg-info/entry_points.txt
[0.685s] writing requirements to ../../build/broadcaster_listener/broadcaster_listener.egg-info/requires.txt
[0.685s] writing top-level names to ../../build/broadcaster_listener/broadcaster_listener.egg-info/top_level.txt
[0.686s] reading manifest file '../../build/broadcaster_listener/broadcaster_listener.egg-info/SOURCES.txt'
[0.687s] adding license file 'LICENSE'
[0.687s] writing manifest file '../../build/broadcaster_listener/broadcaster_listener.egg-info/SOURCES.txt'
[0.687s] running build
[0.687s] running build_py
[0.687s] copying broadcaster_listener/turtle_tf2_listener.py -> /home/tharusha/robotics/build/broadcaster_listener/build/lib/broadcaster_listener
[0.688s] running install
[0.688s] /usr/lib/python3/dist-packages/setuptools/command/install.py:34: SetuptoolsDeprecationWarning: setup.py install is deprecated. Use build and pip and other standards-based tools.
[0.688s]   warnings.warn(
[0.688s] running install_lib
[0.688s] copying /home/tharusha/robotics/build/broadcaster_listener/build/lib/broadcaster_listener/turtle_tf2_listener.py -> /home/tharusha/robotics/install/broadcaster_listener/lib/python3.10/site-packages/broadcaster_listener
[0.689s] byte-compiling /home/tharusha/robotics/install/broadcaster_listener/lib/python3.10/site-packages/broadcaster_listener/turtle_tf2_listener.py to turtle_tf2_listener.cpython-310.pyc
[0.689s] running install_data
[0.690s] running install_egg_info
[0.691s] removing '/home/tharusha/robotics/install/broadcaster_listener/lib/python3.10/site-packages/broadcaster_listener-0.0.0-py3.10.egg-info' (and everything under it)
[0.691s] Copying ../../build/broadcaster_listener/broadcaster_listener.egg-info to /home/tharusha/robotics/install/broadcaster_listener/lib/python3.10/site-packages/broadcaster_listener-0.0.0-py3.10.egg-info
[0.692s] running install_scripts
[0.706s] Installing dynamic_frame_tf2_broadcaster script to /home/tharusha/robotics/install/broadcaster_listener/lib/broadcaster_listener
[0.706s] Installing fixed_frame_tf2_broadcaster script to /home/tharusha/robotics/install/broadcaster_listener/lib/broadcaster_listener
[0.706s] Installing turtle_tf2_broadcaster script to /home/tharusha/robotics/install/broadcaster_listener/lib/broadcaster_listener
[0.707s] Installing turtle_tf2_listener script to /home/tharusha/robotics/install/broadcaster_listener/lib/broadcaster_listener
[0.707s] writing list of installed files to '/home/tharusha/robotics/build/broadcaster_listener/install.log'
[0.722s] Invoked command in '/home/tharusha/robotics/src/broadcaster_listener' returned '0': PYTHONPATH=/home/tharusha/robotics/build/broadcaster_listener/prefix_override:/home/tharusha/robotics/install/broadcaster_listener/lib/python3.10/site-packages:${PYTHONPATH} /usr/bin/python3 setup.py egg_info --egg-base ../../build/broadcaster_listener build --build-base /home/tharusha/robotics/build/broadcaster_listener/build install --record /home/tharusha/robotics/build/broadcaster_listener/install.log --single-version-externally-managed
