[0.818s] Invoking command in '/home/tharusha/robotics/src/broadcaster_listener': PYTHONPATH=/home/tharusha/robotics/build/broadcaster_listener/prefix_override:/home/tharusha/robotics/install/broadcaster_listener/lib/python3.10/site-packages:${PYTHONPATH} /usr/bin/python3 setup.py egg_info --egg-base ../../build/broadcaster_listener build --build-base /home/tharusha/robotics/build/broadcaster_listener/build install --record /home/tharusha/robotics/build/broadcaster_listener/install.log --single-version-externally-managed
[1.072s] running egg_info
[1.073s] writing ../../build/broadcaster_listener/broadcaster_listener.egg-info/PKG-INFO
[1.074s] writing dependency_links to ../../build/broadcaster_listener/broadcaster_listener.egg-info/dependency_links.txt
[1.074s] writing entry points to ../../build/broadcaster_listener/broadcaster_listener.egg-info/entry_points.txt
[1.074s] writing requirements to ../../build/broadcaster_listener/broadcaster_listener.egg-info/requires.txt
[1.075s] writing top-level names to ../../build/broadcaster_listener/broadcaster_listener.egg-info/top_level.txt
[1.076s] reading manifest file '../../build/broadcaster_listener/broadcaster_listener.egg-info/SOURCES.txt'
[1.077s] adding license file 'LICENSE'
[1.077s] writing manifest file '../../build/broadcaster_listener/broadcaster_listener.egg-info/SOURCES.txt'
[1.078s] running build
[1.078s] running build_py
[1.078s] copying broadcaster_listener/turtle_tf2_broadcaster.py -> /home/tharusha/robotics/build/broadcaster_listener/build/lib/broadcaster_listener
[1.079s] copying broadcaster_listener/fixed_frame_tf2_broadcaster.py -> /home/tharusha/robotics/build/broadcaster_listener/build/lib/broadcaster_listener
[1.079s] running install
[1.079s] /usr/lib/python3/dist-packages/setuptools/command/install.py:34: SetuptoolsDeprecationWarning: setup.py install is deprecated. Use build and pip and other standards-based tools.
[1.079s]   warnings.warn(
[1.080s] running install_lib
[1.080s] copying /home/tharusha/robotics/build/broadcaster_listener/build/lib/broadcaster_listener/turtle_tf2_broadcaster.py -> /home/tharusha/robotics/install/broadcaster_listener/lib/python3.10/site-packages/broadcaster_listener
[1.081s] copying /home/tharusha/robotics/build/broadcaster_listener/build/lib/broadcaster_listener/fixed_frame_tf2_broadcaster.py -> /home/tharusha/robotics/install/broadcaster_listener/lib/python3.10/site-packages/broadcaster_listener
[1.082s] byte-compiling /home/tharusha/robotics/install/broadcaster_listener/lib/python3.10/site-packages/broadcaster_listener/turtle_tf2_broadcaster.py to turtle_tf2_broadcaster.cpython-310.pyc
[1.082s] byte-compiling /home/tharusha/robotics/install/broadcaster_listener/lib/python3.10/site-packages/broadcaster_listener/fixed_frame_tf2_broadcaster.py to fixed_frame_tf2_broadcaster.cpython-310.pyc
[1.083s] running install_data
[1.084s] copying package.xml -> /home/tharusha/robotics/install/broadcaster_listener/share/broadcaster_listener
[1.084s] copying launch/turtle_tf2_demo.launch.py -> /home/tharusha/robotics/install/broadcaster_listener/share/broadcaster_listener/launch
[1.084s] running install_egg_info
[1.086s] removing '/home/tharusha/robotics/install/broadcaster_listener/lib/python3.10/site-packages/broadcaster_listener-0.0.0-py3.10.egg-info' (and everything under it)
[1.086s] Copying ../../build/broadcaster_listener/broadcaster_listener.egg-info to /home/tharusha/robotics/install/broadcaster_listener/lib/python3.10/site-packages/broadcaster_listener-0.0.0-py3.10.egg-info
[1.087s] running install_scripts
[1.108s] Installing fixed_frame_tf2_broadcaster script to /home/tharusha/robotics/install/broadcaster_listener/lib/broadcaster_listener
[1.108s] Installing turtle_tf2_broadcaster script to /home/tharusha/robotics/install/broadcaster_listener/lib/broadcaster_listener
[1.108s] Installing turtle_tf2_listener script to /home/tharusha/robotics/install/broadcaster_listener/lib/broadcaster_listener
[1.109s] writing list of installed files to '/home/tharusha/robotics/build/broadcaster_listener/install.log'
[1.130s] Invoked command in '/home/tharusha/robotics/src/broadcaster_listener' returned '0': PYTHONPATH=/home/tharusha/robotics/build/broadcaster_listener/prefix_override:/home/tharusha/robotics/install/broadcaster_listener/lib/python3.10/site-packages:${PYTHONPATH} /usr/bin/python3 setup.py egg_info --egg-base ../../build/broadcaster_listener build --build-base /home/tharusha/robotics/build/broadcaster_listener/build install --record /home/tharusha/robotics/build/broadcaster_listener/install.log --single-version-externally-managed
