[0.485s] Invoking command in '/home/tharusha/robotics/src/broadcaster_listener': PYTHONPATH=/home/tharusha/robotics/build/broadcaster_listener/prefix_override:/home/tharusha/robotics/install/broadcaster_listener/lib/python3.10/site-packages:${PYTHONPATH} /usr/bin/python3 setup.py egg_info --egg-base ../../build/broadcaster_listener build --build-base /home/tharusha/robotics/build/broadcaster_listener/build install --record /home/tharusha/robotics/build/broadcaster_listener/install.log --single-version-externally-managed
[0.652s] running egg_info
[0.653s] writing ../../build/broadcaster_listener/broadcaster_listener.egg-info/PKG-INFO
[0.653s] writing dependency_links to ../../build/broadcaster_listener/broadcaster_listener.egg-info/dependency_links.txt
[0.653s] writing entry points to ../../build/broadcaster_listener/broadcaster_listener.egg-info/entry_points.txt
[0.653s] writing requirements to ../../build/broadcaster_listener/broadcaster_listener.egg-info/requires.txt
[0.653s] writing top-level names to ../../build/broadcaster_listener/broadcaster_listener.egg-info/top_level.txt
[0.654s] reading manifest file '../../build/broadcaster_listener/broadcaster_listener.egg-info/SOURCES.txt'
[0.654s] adding license file 'LICENSE'
[0.655s] writing manifest file '../../build/broadcaster_listener/broadcaster_listener.egg-info/SOURCES.txt'
[0.655s] running build
[0.655s] running build_py
[0.655s] running install
[0.655s] /usr/lib/python3/dist-packages/setuptools/command/install.py:34: SetuptoolsDeprecationWarning: setup.py install is deprecated. Use build and pip and other standards-based tools.
[0.655s]   warnings.warn(
[0.655s] running install_lib
[0.656s] running install_data
[0.657s] running install_egg_info
[0.658s] removing '/home/tharusha/robotics/install/broadcaster_listener/lib/python3.10/site-packages/broadcaster_listener-0.0.0-py3.10.egg-info' (and everything under it)
[0.658s] Copying ../../build/broadcaster_listener/broadcaster_listener.egg-info to /home/tharusha/robotics/install/broadcaster_listener/lib/python3.10/site-packages/broadcaster_listener-0.0.0-py3.10.egg-info
[0.659s] running install_scripts
[0.673s] Installing turtle_tf2_broadcaster script to /home/tharusha/robotics/install/broadcaster_listener/lib/broadcaster_listener
[0.673s] Installing turtle_tf2_listener script to /home/tharusha/robotics/install/broadcaster_listener/lib/broadcaster_listener
[0.673s] writing list of installed files to '/home/tharusha/robotics/build/broadcaster_listener/install.log'
[0.690s] Invoked command in '/home/tharusha/robotics/src/broadcaster_listener' returned '0': PYTHONPATH=/home/tharusha/robotics/build/broadcaster_listener/prefix_override:/home/tharusha/robotics/install/broadcaster_listener/lib/python3.10/site-packages:${PYTHONPATH} /usr/bin/python3 setup.py egg_info --egg-base ../../build/broadcaster_listener build --build-base /home/tharusha/robotics/build/broadcaster_listener/build install --record /home/tharusha/robotics/build/broadcaster_listener/install.log --single-version-externally-managed
